"../../../../../Unreal Project 4/OverandOver/Content/Horror/Blueprints/AI/AI_BPI.uasset" 0
"../../../../../Unreal Project 4/OverandOver/Content/Horror/Blueprints/Core/HeadShakeRunning.uasset" 1
"../../../../../Unreal Project 4/OverandOver/Content/Horror/Blueprints/Core/HeadShakeWalking.uasset" 2
"../../../../../Unreal Project 4/OverandOver/Content/Horror/Blueprints/Core/Horror_BPI.uasset" 3
"../../../Engine/Content/EditorBlueprintResources/StandardMacros.uasset" 4
"../../../../../Unreal Project 4/OverandOver/Content/Horror/Blueprints/Structures/Events/Subtitle.uasset" 5
"../../../../../Unreal Project 4/OverandOver/Content/Horror/Blueprints/Structures/Events/SubtitleSeq.uasset" 6
"../../../../../Unreal Project 4/OverandOver/Content/Horror/Blueprints/Structures/Events/Subtitles.uasset" 7
"../../../../../Unreal Project 4/OverandOver/Content/Horror/Blueprints/Structures/Events/H_events.uasset" 8
"../../../../../Unreal Project 4/OverandOver/Content/Horror/Blueprints/Structures/SetMesh/SM_Color.uasset" 9
"../../../../../Unreal Project 4/OverandOver/Content/Horror/Blueprints/Structures/SetMesh/SM_Emissive.uasset" 10
"../../../../../Unreal Project 4/OverandOver/Content/Horror/Blueprints/Structures/SetMesh/SM_Texture.uasset" 11
"../../../../../Unreal Project 4/OverandOver/Content/Horror/Blueprints/Structures/SetMesh/SM_Material.uasset" 12
"../../../../../Unreal Project 4/OverandOver/Content/Horror/Blueprints/Structures/SetMesh/SetMesh.uasset" 13
"../../../../../Unreal Project 4/OverandOver/Content/Horror/Blueprints/Core/Horror_funtions.uasset" 14
"../../../../../Unreal Project 4/OverandOver/Content/Horror/Widgets/Fonts/west_england.uasset" 15
"../../../../../Unreal Project 4/OverandOver/Content/Horror/Widgets/Fonts/west_england_Font.uasset" 16
"../../../Engine/Content/Functions/Engine_MaterialFunctions01/Gradient/LinearGradient.uasset" 17
"../../../../../Unreal Project 4/OverandOver/Content/Horror/Materials/UI/Gradient_M.uasset" 18
"../../../../../Unreal Project 4/OverandOver/Content/Horror/RetroShaders/MPC_RetroShaders.uasset" 19
"../../../Engine/Content/EngineResources/DefaultTexture.uasset" 20
"../../../../../Unreal Project 4/OverandOver/Content/Horror/RetroShaders/Materials/M_UIMaterial.uasset" 21
"../../../../../Unreal Project 4/OverandOver/Content/Horror/Widgets/W_SubtitleText.uasset" 22
"../../../../../Unreal Project 4/OverandOver/Content/Horror/Widgets/W_Subtitle.uasset" 23
"../../../../../Unreal Project 4/OverandOver/Content/Horror/Blueprints/Core/H_Events.uasset" 24
"../../../../../Unreal Project 4/OverandOver/Content/Horror/Blueprints/Enums/InteractionType.uasset" 25
"../../../../../Unreal Project 4/OverandOver/Content/Horror/Blueprints/Structures/Events/H_eventsMaster.uasset" 26
"../../../../../Unreal Project 4/OverandOver/Content/Horror/Blueprints/Core/Use.uasset" 27
"../../../../../Unreal Project 4/OverandOver/Content/Horror/Blueprints/Core/HR_Macros.uasset" 28
"../../../../../Unreal Project 4/OverandOver/Content/Horror/Blueprints/Core/HeadShakeLadder.uasset" 29
"../../../../../Unreal Project 4/OverandOver/Content/Horror/Blueprints/UsableAssets/DoorAndFunitures/LadderBasic.uasset" 30
"../../../../../Unreal Project 4/OverandOver/Content/Horror/Materials/PostProcess/NightVision/tutorial02_artifacts.uasset" 31
"../../../../../Unreal Project 4/OverandOver/Content/Horror/Materials/PostProcess/NightVision/tutorial02_noise.uasset" 32
"../../../../../Unreal Project 4/OverandOver/Content/Horror/Materials/PostProcess/NightVision/tutorial02_scanlines.uasset" 33
"../../../../../Unreal Project 4/OverandOver/Content/Horror/Materials/PostProcess/Normal/Normal_VHS_PP.uasset" 34
"../../../../../Unreal Project 4/OverandOver/Content/Horror/Materials/PostProcess/Normal/Normal_VHS_PP_Inst.uasset" 35
"../../../../../Unreal Project 4/OverandOver/Content/Horror/Sounds/145242__nathanaelj83__water-step.uasset" 36
"../../../../../Unreal Project 4/OverandOver/Content/Horror/Sounds/458339__dwoboyle__footsteps-tile-14.uasset" 37
"../../../../../Unreal Project 4/OverandOver/Content/Horror/Sounds/522091__magnuswaker__pound-of-flesh-1.uasset" 38
"../../../../../Unreal Project 4/OverandOver/Content/Horror/Textures/Interaction_Icons/Dot-01.uasset" 39
"../../../../../Unreal Project 4/OverandOver/Content/Horror/Textures/Interaction_Icons/Eye-01.uasset" 40
"../../../../../Unreal Project 4/OverandOver/Content/Horror/Textures/Interaction_Icons/gears-01.uasset" 41
"../../../../../Unreal Project 4/OverandOver/Content/Horror/Textures/Mobile_buttons/UI_Left_Thumbstick-01.uasset" 42
"../../../../../Unreal Project 4/OverandOver/Content/Horror/Widgets/Hud_w.uasset" 43
"../../../Engine/Content/Functions/Engine_MaterialFunctions01/Density/ExponentialDensity.uasset" 44
"../../../Engine/Content/Functions/Engine_MaterialFunctions01/Gradient/RadialGradientExponential.uasset" 45
"../../../Engine/Content/EngineMaterials/DefaultDiffuse.uasset" 46
"../../../Engine/Content/Functions/Engine_MaterialFunctions01/Texturing/TextureCropping.uasset" 47
"../../../Engine/Content/Functions/Engine_MaterialFunctions02/Utility/BreakOutFloat2Components.uasset" 48
"../../../Engine/Content/Functions/Engine_MaterialFunctions01/Texturing/ComputeMipLevel.uasset" 49
"../../../Engine/Content/Functions/Engine_MaterialFunctions02/ExampleContent/DebugNumberStrip.uasset" 50
"../../../Engine/Content/Functions/Engine_MaterialFunctions02/ExampleContent/Textures/DebugNumberPeriod.uasset" 51
"../../../Engine/Content/Functions/Engine_MaterialFunctions02/Utility/DebugScalarValues.uasset" 52
"../../../Engine/Content/Functions/Engine_MaterialFunctions02/Utility/DebugFloat2Values.uasset" 53
"../../../Engine/Content/Functions/Engine_MaterialFunctions02/ExampleContent/Textures/flipbook.uasset" 54
"../../../Engine/Content/Functions/Engine_MaterialFunctions02/Texturing/FlipBook.uasset" 55
"../../../../../Unreal Project 4/OverandOver/Content/Horror/Textures/ScreenNoise.uasset" 56
"../../../../../Unreal Project 4/OverandOver/Content/Horror/Materials/PSX/TV_FX_MUI.uasset" 57
"../../../../../Unreal Project 4/OverandOver/Content/Horror/Materials/PSX/TV_FX_MUI_Inst.uasset" 58
"../../../../../Unreal Project 4/OverandOver/Content/Horror/Sounds/428229__leoctiurs__101-tv.uasset" 59
"../../../Engine/Content/Functions/Engine_MaterialFunctions02/Utility/MakeFloat2.uasset" 60
"../../../../../Unreal Project 4/OverandOver/Content/Horror/Materials/UI/Shake_UI_M.uasset" 61
"../../../../../Unreal Project 4/OverandOver/Content/Horror/Materials/UI/Shake_UI_M_Inst.uasset" 62
"../../../../../Unreal Project 4/OverandOver/Content/Horror/Sounds/494040__adgawrhbshbffsfgvsrf__tiny-button-press.uasset" 63
"../../../../../Unreal Project 4/OverandOver/Content/Horror/Sounds/tv-channel-change-static-blips-scanner-cb-radio-tuning-static-blips-static-sharp-scan.uasset" 64
"../../../../../Unreal Project 4/OverandOver/Content/Horror/Widgets/Subwidgets/Button_with_text_w.uasset" 65
"../../../../../Unreal Project 4/OverandOver/Content/Horror/Widgets/w_Pause.uasset" 66
"../../../../../Unreal Project 4/OverandOver/Content/Horror/Blueprints/Core/Horror_Base.uasset" 67
"../../../../../Unreal Project 4/OverandOver/Content/Horror/Blueprints/Core/CheckShards.uasset" 68
"../../../../../Unreal Project 4/OverandOver/Content/Horror/Textures/Mobile_buttons/Mobile_Buttons_2-01.uasset" 69
"../../../../../Unreal Project 4/OverandOver/Content/Horror/Blueprints/Core/Mobile/Touch.uasset" 70
"../../../../../Unreal Project 4/OverandOver/Content/Horror/Blueprints/Core/FPS_controller.uasset" 71
"../../../../../Unreal Project 4/OverandOver/Content/Mannequin/Character/Mesh/UE4_Mannequin_Skeleton.uasset" 72
"../../../../../Unreal Project 4/OverandOver/Content/Mannequin/Animations/ThirdPerson_Jump.uasset" 73
"../../../../../Unreal Project 4/OverandOver/Content/Mannequin/Animations/ThirdPersonJump_Loop.uasset" 74
"../../../../../Unreal Project 4/OverandOver/Content/Mannequin/Animations/ThirdPersonJump_Start.uasset" 75
"../../../../../Unreal Project 4/OverandOver/Content/Mannequin/Animations/ThirdPersonIdle.uasset" 76
"../../../../../Unreal Project 4/OverandOver/Content/Mannequin/Animations/ThirdPersonRun.uasset" 77
"../../../../../Unreal Project 4/OverandOver/Content/Mannequin/Animations/ThirdPersonWalk.uasset" 78
"../../../../../Unreal Project 4/OverandOver/Content/Mannequin/Animations/ThirdPerson_IdleRun_2D.uasset" 79
"../../../../../Unreal Project 4/OverandOver/Content/Mannequin/Animations/ThirdPerson_AnimBP.uasset" 80
"../../../../../Unreal Project 4/OverandOver/Content/Horror/Blueprints/Core/HeadShakeLanded.uasset" 81
"../../../../../Unreal Project 4/OverandOver/Content/Horror/Blueprints/Core/FPS_player.uasset" 82
"../../../../../Unreal Project 4/OverandOver/Content/Horror/Blueprints/Core/PlayerCHarController.uasset" 83
"../../../../../Unreal Project 4/OverandOver/Content/Horror/Blueprints/Core/GM_Horror.uasset" 84
"../../../Engine/Content/Functions/Engine_MaterialFunctions02/Utility/BlendAngleCorrectedNormals.uasset" 85
"../../../Engine/Content/Functions/MaterialLayerFunctions/MatLayerBlend_NormalBlend.uasset" 86
"../../../Engine/Content/Functions/MaterialLayerFunctions/MatLayerBlend_Simple.uasset" 87
"../../../../../Unreal Project 4/OverandOver/Content/Mannequin/Character/Materials/MaterialLayers/T_ML_Rubber_Blue_01_D.uasset" 88
"../../../../../Unreal Project 4/OverandOver/Content/Mannequin/Character/Materials/MaterialLayers/T_ML_Rubber_Blue_01_N.uasset" 89
"../../../../../Unreal Project 4/OverandOver/Content/Mannequin/Character/Materials/MaterialLayers/ML_GlossyBlack_Latex_UE4.uasset" 90
"../../../../../Unreal Project 4/OverandOver/Content/Mannequin/Character/Materials/MaterialLayers/ML_Plastic_Shiny_Beige.uasset" 91
"../../../../../Unreal Project 4/OverandOver/Content/Mannequin/Character/Textures/UE4_LOGO_CARD.uasset" 92
"../../../../../Unreal Project 4/OverandOver/Content/Mannequin/Character/Materials/MaterialLayers/ML_Plastic_Shiny_Beige_LOGO.uasset" 93
"../../../../../Unreal Project 4/OverandOver/Content/Mannequin/Character/Materials/MaterialLayers/T_ML_Aluminum01.uasset" 94
"../../../../../Unreal Project 4/OverandOver/Content/Mannequin/Character/Materials/MaterialLayers/T_ML_Aluminum01_N.uasset" 95
"../../../../../Unreal Project 4/OverandOver/Content/Mannequin/Character/Materials/MaterialLayers/ML_SoftMetal_UE4.uasset" 96
"../../../../../Unreal Project 4/OverandOver/Content/Mannequin/Character/Textures/UE4_Mannequin__normals.uasset" 97
"../../../../../Unreal Project 4/OverandOver/Content/Mannequin/Character/Textures/UE4_Mannequin_MAT_MASKA.uasset" 98
"../../../../../Unreal Project 4/OverandOver/Content/Mannequin/Character/Materials/M_UE4Man_Body.uasset" 99
"../../../../../Unreal Project 4/OverandOver/Content/Mannequin/Character/Textures/UE4Man_Logo_N.uasset" 100
"../../../../../Unreal Project 4/OverandOver/Content/Mannequin/Character/Materials/M_UE4Man_ChestLogo.uasset" 101
"../../../../../Unreal Project 4/OverandOver/Content/Mannequin/Character/Mesh/SK_Mannequin_PhysicsAsset.uasset" 102
"../../../../../Unreal Project 4/OverandOver/Content/Mannequin/Character/Mesh/SK_Mannequin.uasset" 103
"../../../../../Unreal Project 4/OverandOver/Content/Horror/Blueprints/Enemies/Enemy_BP.uasset" 104
"../../../../../Unreal Project 4/OverandOver/Content/Horror/Blueprints/Enums/JumpType.uasset" 105
"../../../../../Unreal Project 4/OverandOver/Content/Horror/Materials/MaterialFuntions/MF_Getpixeldepth.uasset" 106
"../../../../../Unreal Project 4/OverandOver/Content/Horror/Materials/PostProcess/PP_Map.uasset" 107
"../../../../../Unreal Project 4/OverandOver/Content/Horror/Materials/PostProcess/PP_Map_Inst.uasset" 108
"../../../../../Unreal Project 4/OverandOver/Content/Horror/Materials/Minimap_data.uasset" 109
"../../../../../Unreal Project 4/OverandOver/Content/Horror/Textures/Map_T2D.uasset" 110
"../../../../../Unreal Project 4/OverandOver/Content/Horror/Blueprints/Map/CaptureMap/BP_WorldCapture.uasset" 111
"../../../../../Unreal Project 4/OverandOver/Content/Horror/Blueprints/Mirror/Mirror.uasset" 112
"../../../../../Unreal Project 4/OverandOver/Content/Horror/Materials/PSX/Mirror_Infinite_M.uasset" 113
"../../../Engine/Content/Functions/Engine_MaterialFunctions01/Opacity/CameraDepthFade.uasset" 114
"../../../Engine/Content/EngineMaterials/T_Default_Material_Grid_M.uasset" 115
"../../../Engine/Content/EngineMaterials/T_Default_Material_Grid_N.uasset" 116
"../../../Engine/Content/EngineMaterials/WorldGridMaterial.uasset" 117
"../../../../../Unreal Project 4/OverandOver/Content/Horror/Meshes/New_meshes/MS_WallWindows2.uasset" 118
"../../../../../Unreal Project 4/OverandOver/Content/Horror/Blueprints/Mirror/Mirror_BP.uasset" 119
"../../../../../Unreal Project 4/OverandOver/Content/Horror/Blueprints/Phone/Textures/Flashlight_LightCookie.uasset" 120
"../../../../../Unreal Project 4/OverandOver/Content/Horror/Materials/FlashLight_M.uasset" 121
"../../../../../Unreal Project 4/OverandOver/Content/Horror/Materials/FlashLight_M_Inst.uasset" 122
"../../../../../Unreal Project 4/OverandOver/Content/Horror/Materials/FlashLightBeam_M.uasset" 123
"../../../../../Unreal Project 4/OverandOver/Content/Horror/Materials/FlashLightBeam_M_Inst.uasset" 124
"../../../../../Unreal Project 4/OverandOver/Content/Horror/Blueprints/Phone/Camera_Target2d.uasset" 125
"../../../../../Unreal Project 4/OverandOver/Content/Horror/Blueprints/Phone/Camera_UI_M.uasset" 126
"../../../../../Unreal Project 4/OverandOver/Content/Horror/Blueprints/Phone/Camera_UI_M_Inst.uasset" 127
"../../../../../Unreal Project 4/OverandOver/Content/Horror/Blueprints/Phone/Textures/Camera-01.uasset" 128
"../../../../../Unreal Project 4/OverandOver/Content/Horror/Blueprints/Phone/Textures/Flash-01.uasset" 129
"../../../../../Unreal Project 4/OverandOver/Content/Horror/Blueprints/Phone/Textures/Light-01.uasset" 130
"../../../../../Unreal Project 4/OverandOver/Content/Horror/Blueprints/Phone/Camera_w.uasset" 131
"../../../../../Unreal Project 4/OverandOver/Content/Horror/Blueprints/Phone/Sound/Flashlight_Switch.uasset" 132
"../../../../../Unreal Project 4/OverandOver/Content/Horror/Meshes/FlashlightCone_mesh.uasset" 133
"../../../../../Unreal Project 4/OverandOver/Content/Horror/Meshes/Phone.uasset" 134
"../../../../../Unreal Project 4/OverandOver/Content/Horror/Blueprints/Phone/CameraPhone.uasset" 135
"../../../../../Unreal Project 4/OverandOver/Content/Geometry/Meshes/CubeMaterial.uasset" 136
"../../../../../Unreal Project 4/OverandOver/Content/Geometry/Meshes/1M_Cube.uasset" 137
"../../../../../Unreal Project 4/OverandOver/Content/Horror/Blueprints/Enums/TransfromType.uasset" 138
"../../../../../Unreal Project 4/OverandOver/Content/Horror/Blueprints/UsableAssets/Controllers/ButtonAndLever.uasset" 139
"../../../../../Unreal Project 4/OverandOver/Content/Horror/Blueprints/UsableAssets/Controllers/Secret.uasset" 140
"../../../../../Unreal Project 4/OverandOver/Content/Horror/Blueprints/UsableAssets/DoorAndFunitures/Drawer.uasset" 141
"../../../../../Unreal Project 4/OverandOver/Content/Horror/Blueprints/UsableAssets/Extra/JumpActor.uasset" 142
"../../../Engine/Content/Functions/Engine_MaterialFunctions02/Utility/BreakOutFloat3Components.uasset" 143
"../../../Engine/Content/Functions/Engine_MaterialFunctions02/Utility/CameraDirectionVector.uasset" 144
"../../../Engine/Content/Functions/Engine_MaterialFunctions02/Utility/Sign.uasset" 145
"../../../Engine/Content/Functions/Engine_MaterialFunctions02/Utility/Round.uasset" 146
"../../../Engine/Content/Functions/Engine_MaterialFunctions02/Utility/VectorLength.uasset" 147
"../../../../../Unreal Project 4/OverandOver/Content/Horror/Materials/VertexWarp.uasset" 148
"../../../../../Unreal Project 4/OverandOver/Content/Horror/Materials/Gray.uasset" 149
"../../../../../Unreal Project 4/OverandOver/Content/Horror/Materials/Black.uasset" 150
"../../../../../Unreal Project 4/OverandOver/Content/Horror/Materials/Bright_Blue.uasset" 151
"../../../Engine/Content/ArtTools/RenderToTexture/Textures/127grey.uasset" 152
"../../../../../Unreal Project 4/OverandOver/Content/Horror/Materials/HR_MasterMaterial.uasset" 153
"../../../../../Unreal Project 4/OverandOver/Content/Horror/Materials/HR_MasterMaterial_Inst.uasset" 154
"../../../Engine/Content/Functions/Engine_MaterialFunctions02/Texturing/CustomRotator.uasset" 155
"../../../../../Unreal Project 4/OverandOver/Content/Horror/Textures/Map_T2D_Tex.uasset" 156
"../../../../../Unreal Project 4/OverandOver/Content/Horror/Materials/MiniMap_M.uasset" 157
"../../../../../Unreal Project 4/OverandOver/Content/Horror/Materials/MiniMap_M_Inst.uasset" 158
"../../../../../Unreal Project 4/OverandOver/Content/Horror/Materials/MM_PSXShader.uasset" 159
"../../../../../Unreal Project 4/OverandOver/Content/Horror/Materials/MM_PSXShader_Inst.uasset" 160
"../../../../../Unreal Project 4/OverandOver/Content/Horror/Materials/Red.uasset" 161
"../../../Engine/Content/Functions/Engine_MaterialFunctions02/WorldPositionOffset/ObjectPivotPoint.uasset" 162
"../../../Engine/Content/Functions/Engine_MaterialFunctions02/WorldPositionOffset/RotateAboutWorldAxis_cheap.uasset" 163
"../../../Engine/Content/EngineResources/GrayTextureCube.uasset" 164
"../../../../../Unreal Project 4/OverandOver/Content/Horror/Materials/Shard_RotationMat.uasset" 165
"../../../../../Unreal Project 4/OverandOver/Content/Horror/Materials/RotationMat_Inst.uasset" 166
"../../../../../Unreal Project 4/OverandOver/Content/Horror/Materials/VertexWarpTexture.uasset" 167
"../../../../../Unreal Project 4/OverandOver/Content/Horror/Materials/VertexWarpTexture_Inst.uasset" 168
"../../../../../Unreal Project 4/OverandOver/Content/Horror/Materials/VertexWarpTexture_Inst_Inst.uasset" 169
"../../../../../Unreal Project 4/OverandOver/Content/Horror/Materials/Yellow.uasset" 170
"../../../Engine/Content/Functions/Engine_MaterialFunctions02/ScreenResolution.uasset" 171
"../../../../../Unreal Project 4/OverandOver/Content/Horror/Materials/PostProcess/M_PP_PSX.uasset" 172
"../../../../../Unreal Project 4/OverandOver/Content/Horror/Materials/PostProcess/M_PP_PSX_Inst.uasset" 173
"../../../../../Unreal Project 4/OverandOver/Content/Horror/Materials/PostProcess/PP_Cellshading.uasset" 174
"../../../../../Unreal Project 4/OverandOver/Content/Horror/Materials/PostProcess/PP_Cellshading_Inst.uasset" 175
"../../../../../Unreal Project 4/OverandOver/Content/Horror/Materials/PostProcess/PP_Filter.uasset" 176
"../../../../../Unreal Project 4/OverandOver/Content/Horror/Materials/PostProcess/PP_Filter_Inst.uasset" 177
"../../../../../Unreal Project 4/OverandOver/Content/Horror/Materials/PostProcess/PP_OcclusionOutline.uasset" 178
"../../../../../Unreal Project 4/OverandOver/Content/Horror/Materials/PostProcess/PP_OcclusionOutline_Inst.uasset" 179
"../../../../../Unreal Project 4/OverandOver/Content/Horror/Materials/PostProcess/RedTint_PP.uasset" 180
"../../../Engine/Content/MapTemplates/TilingNoise05.uasset" 181
"../../../../../Unreal Project 4/OverandOver/Content/Horror/Materials/PostProcess/Speedlines_M.uasset" 182
"../../../../../Unreal Project 4/OverandOver/Content/Horror/Materials/PostProcess/Speedlines_M_Inst.uasset" 183
"../../../../../Unreal Project 4/OverandOver/Content/Horror/Materials/PostProcess/TV_DIstorsion_PP.uasset" 184
"../../../../../Unreal Project 4/OverandOver/Content/Horror/Materials/PostProcess/TV_DIstorsion_PP_Inst.uasset" 185
"../../../../../Unreal Project 4/OverandOver/Content/Horror/Materials/PostProcess/NightVision/tutorial02_vignette.uasset" 186
"../../../../../Unreal Project 4/OverandOver/Content/Horror/Materials/PostProcess/NightVision/M_NightVisionPP.uasset" 187
"../../../../../Unreal Project 4/OverandOver/Content/Horror/Materials/PostProcess/NightVision/M_NightVisionPP_Inst.uasset" 188
"../../../Engine/Content/EngineMaterials/FlatNormal.uasset" 189
"../../../../../Unreal Project 4/OverandOver/Content/Horror/Materials/PSX/Mirror_M.uasset" 190
"../../../../../Unreal Project 4/OverandOver/Content/Horror/Materials/PSX/Mirror_M_Inst.uasset" 191
"../../../../../Unreal Project 4/OverandOver/Content/Horror/Materials/PSX/TV_FX_M.uasset" 192
"../../../../../Unreal Project 4/OverandOver/Content/Horror/Materials/UI/OpacityMask_M.uasset" 193
"../../../../../Unreal Project 4/OverandOver/Content/Horror/Materials/UI/OpacityMask_M_Inst.uasset" 194
"../../../../../Unreal Project 4/OverandOver/Content/Horror/Materials/UI/Payer_Icon_M.uasset" 195
"../../../../../Unreal Project 4/OverandOver/Content/Horror/Materials/UI/Payer_Icon_M_Inst.uasset" 196
"../../../../../Unreal Project 4/OverandOver/Content/Horror/Textures/View_Angle.uasset" 197
"../../../../../Unreal Project 4/OverandOver/Content/Horror/Materials/UI/Rotation_Pointer.uasset" 198
"../../../../../Unreal Project 4/OverandOver/Content/Horror/Textures/View_Angle_Normal.uasset" 199
"../../../../../Unreal Project 4/OverandOver/Content/Horror/Materials/UI/Rotation_Pointer_Inst.uasset" 200
"../../../../../Unreal Project 4/OverandOver/Content/Horror/Textures/Border.uasset" 201
"../../../../../Unreal Project 4/OverandOver/Content/Horror/Materials/UI/Rotation_Pointer_Square.uasset" 202
"../../../../../Unreal Project 4/OverandOver/Content/Horror/Materials/UI/Rotation_Pointer_Square_Inst.uasset" 203
"../../../../../Unreal Project 4/OverandOver/Content/Horror/Materials/UI/Texteffect_M.uasset" 204
"../../../../../Unreal Project 4/OverandOver/Content/Horror/Materials/UI/Texteffect_M_Inst.uasset" 205
"../../../../../Unreal Project 4/OverandOver/Content/Horror/Meshes/Crystal_003.uasset" 206
"../../../../../Unreal Project 4/OverandOver/Content/Horror/Meshes/MS_DoorFrame.uasset" 207
"../../../../../Unreal Project 4/OverandOver/Content/Horror/Meshes/MS_Floor.uasset" 208
"../../../../../Unreal Project 4/OverandOver/Content/Horror/Meshes/MS_Wall.uasset" 209
"../../../../../Unreal Project 4/OverandOver/Content/Horror/Meshes/MS_WallDoor.uasset" 210
"../../../../../Unreal Project 4/OverandOver/Content/Horror/Meshes/MS_WallWindow.uasset" 211
"../../../../../Unreal Project 4/OverandOver/Content/Horror/Meshes/MS_WallWindows.uasset" 212
"../../../../../Unreal Project 4/OverandOver/Content/Horror/Meshes/MS_WallWindows2.uasset" 213
"../../../Engine/Content/Functions/Engine_MaterialFunctions02/Texturing/ScreenAlignedPixelToPixelUVs.uasset" 214
"../../../Engine/Content/Functions/Engine_MaterialFunctions02/Utility/MakeFloat3.uasset" 215
"../../../../../Unreal Project 4/OverandOver/Content/Horror/RetroShaders/Materials/Functions/MF_AffineTextureWarp.uasset" 216
"../../../../../Unreal Project 4/OverandOver/Content/Horror/RetroShaders/Materials/Functions/MF_PosteriseTexture.uasset" 217
"../../../../../Unreal Project 4/OverandOver/Content/Horror/RetroShaders/Materials/Functions/MF_VertexWobble.uasset" 218
"../../../../../Unreal Project 4/OverandOver/Content/Horror/RetroShaders/PostProcess/T_DitherPatterns.uasset" 219
"../../../../../Unreal Project 4/OverandOver/Content/Horror/RetroShaders/Materials/M_RetroMaterial.uasset" 220
"../../../../../Unreal Project 4/OverandOver/Content/Horror/Textures/ConcretePlates_seamless_S_64x64.uasset" 221
"../../../../../Unreal Project 4/OverandOver/Content/Horror/Materials/PSX/MI_Red.uasset" 222
"../../../../../Unreal Project 4/OverandOver/Content/Horror/Meshes/New_meshes/Lowpolyfemale.uasset" 223
"../../../../../Unreal Project 4/OverandOver/Content/Horror/Materials/MaterialFuntions/MF_Disint.uasset" 224
"../../../Engine/Content/MaterialTemplates/Textures/T_Noise01.uasset" 225
"../../../../../Unreal Project 4/OverandOver/Content/Horror/Particles/Shild_m_FX.uasset" 226
"../../../../../Unreal Project 4/OverandOver/Content/Horror/Particles/Shild_m_FX_Inst.uasset" 227
"../../../../../Unreal Project 4/OverandOver/Content/Horror/Meshes/MaterialSphere.uasset" 228
"../../../../../Unreal Project 4/OverandOver/Content/Horror/Particles/Shield_FX.uasset" 229
"../../../../../Unreal Project 4/OverandOver/Content/Horror/Textures/Arrow.uasset" 230
"../../../../../Unreal Project 4/OverandOver/Content/Horror/Textures/ConcreteWornPaint_seamless_S_64x64.uasset" 231
"../../../../../Unreal Project 4/OverandOver/Content/Horror/Textures/CRT.uasset" 232
"../../../../../Unreal Project 4/OverandOver/Content/Horror/Textures/Eyeball_64_albedo.uasset" 233
"../../../../../Unreal Project 4/OverandOver/Content/Horror/Textures/Leather_StitchedPatchwork_64_albedo.uasset" 234
"../../../../../Unreal Project 4/OverandOver/Content/Horror/Textures/Metal_RainbowDamascus_512_normal.uasset" 235
"../../../../../Unreal Project 4/OverandOver/Content/Horror/Textures/Metal_RainbowDamascus_64_albedo.uasset" 236
"../../../../../Unreal Project 4/OverandOver/Content/Horror/Textures/Nature_SandBeach_64_albedo.uasset" 237
"../../../../../Unreal Project 4/OverandOver/Content/Horror/Textures/Plaster_DryWall_64_albedo.uasset" 238
"../../../../../Unreal Project 4/OverandOver/Content/Horror/Textures/TexturesCom_Metal_Mesh_512_alpha.uasset" 239
"../../../../../Unreal Project 4/OverandOver/Content/Horror/Textures/TexturesCom_Metal_Mesh_512_normal.uasset" 240
"../../../../../Unreal Project 4/OverandOver/Content/Horror/Textures/T_LightGrad.uasset" 241
"../../../../../Unreal Project 4/OverandOver/Content/Horror/Textures/vzvm35.uasset" 242
"../../../../../Unreal Project 4/OverandOver/Content/Horror/Textures/Interaction_Icons/HP_+-01.uasset" 243
"../../../../../Unreal Project 4/OverandOver/Content/Horror/Water/Material/T_Water_N.uasset" 244
"../../../Engine/Content/Functions/Engine_MaterialFunctions02/Utility/VectorToRadialValue.uasset" 245
"../../../Engine/Content/EngineResources/AICON-Green.uasset" 246
"../../../../../Unreal Project 4/OverandOver/Content/Horror/Materials/UI/Cooldown_ui_m.uasset" 247
"../../../../../Unreal Project 4/OverandOver/Content/Horror/Materials/UI/Cooldown_ui_m_Inst.uasset" 248
"../../../../../Unreal Project 4/OverandOver/Content/Horror/Widgets/Ability_w.uasset" 249
"../../../../../Unreal Project 4/OverandOver/Content/Horror/Widgets/Test_Map_w.uasset" 250
"../../../../../Unreal Project 4/OverandOver/Content/Horror/Widgets/Fonts/VCR_OSD_MONO_1_001.uasset" 251
"../../../../../Unreal Project 4/OverandOver/Content/Horror/Widgets/Fonts/VCR_OSD_MONO_1_001_Font.uasset" 252
"../../../../../Unreal Project 4/OverandOver/Content/Mannequin/Animations/ThirdPersonJump_End.uasset" 253
"../../../../../Unreal Project 4/OverandOver/Content/ThirdPersonBP/ThirdPersonOverview.uasset" 254
"../../../../../Unreal Project 4/OverandOver/Content/ThirdPersonBP/Blueprints/ThirdPersonCharacter.uasset" 255
"../../../../../Unreal Project 4/OverandOver/Content/ThirdPersonBP/Blueprints/ThirdPersonGameMode.uasset" 256
"../../../Engine/Content/Animation/DefaultAnimBoneCompressionSettings.uasset" 257
"../../../Engine/Content/Animation/DefaultAnimCurveCompressionSettings.uasset" 258
"../../../Engine/Content/ArtTools/RenderToTexture/Meshes/S_1_Unit_Plane.uasset" 259
"../../../Engine/Content/EngineMaterials/DefaultMaterial.uasset" 260
"../../../Engine/Content/BasicShapes/Cone.uasset" 261
"../../../Engine/Content/BasicShapes/Cylinder.uasset" 262
"../../../Engine/Content/BasicShapes/Plane.uasset" 263
"../../../Engine/Content/BasicShapes/Sphere.uasset" 264
"../../../Engine/Content/EditorLandscapeResources/DataLayer.uasset" 265
"../../../Engine/Content/EditorMaterials/MAT_Groups_Toggle.uasset" 266
"../../../Engine/Content/EditorMaterials/MAT_Groups_Visibility.uasset" 267
"../../../Engine/Content/EditorMaterials/PreviewShadowIndicator.uasset" 268
"../../../Engine/Content/EditorMaterials/PreviewShadowIndicatorMaterial.uasset" 269
"../../../Engine/Content/EditorMaterials/MatineeGroups/MAT_ColorTrack.uasset" 270
"../../../Engine/Content/EditorMaterials/MatineeGroups/MAT_Groups_Anim.uasset" 271
"../../../Engine/Content/EditorMaterials/MatineeGroups/MAT_Groups_AudioMaster.uasset" 272
"../../../Engine/Content/EditorMaterials/MatineeGroups/MAT_Groups_Director.uasset" 273
"../../../Engine/Content/EditorMaterials/MatineeGroups/MAT_Groups_Event.uasset" 274
"../../../Engine/Content/EditorMaterials/MatineeGroups/MAT_Groups_Fade.uasset" 275
"../../../Engine/Content/EditorMaterials/MatineeGroups/MAT_Groups_Float.uasset" 276
"../../../Engine/Content/EditorMaterials/MatineeGroups/MAT_Groups_Move.uasset" 277
"../../../Engine/Content/EditorMaterials/MatineeGroups/MAT_Groups_Slomo.uasset" 278
"../../../Engine/Content/EditorMaterials/MatineeGroups/MAT_Groups_Sound.uasset" 279
"../../../Engine/Content/EditorMaterials/MatineeGroups/MAT_Groups_Vector.uasset" 280
"../../../Engine/Content/EditorMaterials/ParticleSystems/PSysThumbnail_NoImage.uasset" 281
"../../../Engine/Content/EditorMaterials/ParticleSystems/PSysThumbnail_OOD.uasset" 282
"../../../Engine/Content/EditorMaterials/Camera/CineMat.uasset" 283
"../../../Engine/Content/EditorMaterials/Camera/MI_CineMat_Rig.uasset" 284
"../../../Engine/Content/EditorMeshes/Camera/SM_CraneRig_Arm.uasset" 285
"../../../Engine/Content/EditorMeshes/Camera/SM_CraneRig_Base.uasset" 286
"../../../Engine/Content/EditorMeshes/Camera/SM_CraneRig_Body.uasset" 287
"../../../Engine/Content/EditorMeshes/Camera/SM_CraneRig_Mount.uasset" 288
"../../../Engine/Content/EditorMeshes/Camera/SM_RailRig_Mount.uasset" 289
"../../../Engine/Content/EditorMeshes/Camera/SM_RailRig_Track.uasset" 290
"../../../Engine/Content/EditorResources/BSPVertex.uasset" 291
"../../../Engine/Content/EditorResources/EmptyActor.uasset" 292
"../../../Engine/Content/EditorResources/S_Actor.uasset" 293
"../../../Engine/Content/EditorResources/S_Note.uasset" 294
"../../../Engine/Content/EditorResources/S_Solver.uasset" 295
"../../../Engine/Content/EditorResources/S_Trigger.uasset" 296
"../../../Engine/Content/EditorResources/LightIcons/S_LightError.uasset" 297
"../../../Engine/Content/EditorResources/SequenceRecorder/Countdown.uasset" 298
"../../../Engine/Content/EditorResources/SequenceRecorder/RecordingIndicator.uasset" 299
"../../../Engine/Content/EditorSounds/Notifications/CompileFailed.uasset" 300
"../../../Engine/Content/EditorSounds/Notifications/CompileFailed_Cue.uasset" 301
"../../../Engine/Content/EditorSounds/Notifications/CompileSuccess.uasset" 302
"../../../Engine/Content/EditorSounds/Notifications/CompileStart_Cue.uasset" 303
"../../../Engine/Content/EditorSounds/Notifications/CompileSuccess_Cue.uasset" 304
"../../../Engine/Content/EngineDamageTypes/DmgTypeBP_Environmental.uasset" 305
"../../../Engine/Content/EngineDebugMaterials/DebugEditorMaterial.uasset" 306
"../../../Engine/Content/EngineDebugMaterials/DebugMeshMaterial.uasset" 307
"../../../Engine/Content/EngineDebugMaterials/M_SimpleUnlitTranslucent.uasset" 308
"../../../Engine/Content/EngineDebugMaterials/VolumeToRender.uasset" 309
"../../../Engine/Content/EngineDebugMaterials/M_VolumeRenderSphereTracePP.uasset" 310
"../../../Engine/Content/EngineDebugMaterials/WireframeMaterial.uasset" 311
"../../../Engine/Content/EngineFonts/Faces/DroidSansFallback.uasset" 312
"../../../Engine/Content/EngineFonts/Faces/RobotoBold.uasset" 313
"../../../Engine/Content/EngineFonts/Faces/RobotoBoldItalic.uasset" 314
"../../../Engine/Content/EngineFonts/Faces/RobotoItalic.uasset" 315
"../../../Engine/Content/EngineFonts/Faces/RobotoLight.uasset" 316
"../../../Engine/Content/EngineFonts/Faces/RobotoRegular.uasset" 317
"../../../Engine/Content/EngineFonts/Roboto.uasset" 318
"../../../Engine/Content/EngineMaterials/BaseFlattenDiffuseMap.uasset" 319
"../../../Engine/Content/EngineMaterials/BaseFlattenEmissiveMap.uasset" 320
"../../../Engine/Content/EngineMaterials/BaseFlattenGrayscaleMap.uasset" 321
"../../../Engine/Content/EngineMaterials/BaseFlattenNormalMap.uasset" 322
"../../../Engine/Content/EngineMaterials/BaseFlattenMaterial.uasset" 323
"../../../Engine/Content/EngineMaterials/BlueNoise.uasset" 324
"../../../Engine/Content/EngineMaterials/DefaultBloomKernel.uasset" 325
"../../../Engine/Content/EngineMaterials/DefaultBokeh.uasset" 326
"../../../Engine/Content/EngineMaterials/DefaultDeferredDecalMaterial.uasset" 327
"../../../Engine/Content/EngineMaterials/DefaultLightFunctionMaterial.uasset" 328
"../../../Engine/Content/EngineMaterials/DefaultPhysicalMaterial.uasset" 329
"../../../Engine/Content/EngineMaterials/DefaultPostProcessMaterial.uasset" 330
"../../../Engine/Content/EngineFonts/RobotoDistanceField.uasset" 331
"../../../Engine/Content/EngineMaterials/DefaultTextMaterialOpaque.uasset" 332
"../../../Engine/Content/EngineMaterials/DefaultWhiteGrid.uasset" 333
"../../../Engine/Content/EngineMaterials/DefaultWhiteGrid_Low.uasset" 334
"../../../Engine/Content/EngineMaterials/EmissiveMeshMaterial.uasset" 335
"../../../Engine/Content/EngineMaterials/GizmoMaterial.uasset" 336
"../../../Engine/Content/EngineMaterials/Good64x64TilingNoiseHighFreq.uasset" 337
"../../../Engine/Content/EngineMaterials/MiniFont.uasset" 338
"../../../Engine/Content/EngineMaterials/InvalidLightmapSettings.uasset" 339
"../../../Engine/Content/EngineMaterials/M_InvalidLightmapSettings.uasset" 340
"../../../Engine/Content/Functions/Engine_MaterialFunctions02/WorldPositionOffset/CameraOffset.uasset" 341
"../../../Engine/Content/EngineMaterials/PhAT_JointLimitMaterial.uasset" 342
"../../../Engine/Content/EngineMaterials/PreintegratedSkinBRDF.uasset" 343
"../../../Engine/Content/EngineMaterials/RemoveSurfaceMaterial.uasset" 344
"../../../Engine/Content/EngineMaterials/WeightMapPlaceholderTexture.uasset" 345
"../../../Engine/Content/EngineResources/WhiteSquareTexture.uasset" 346
"../../../Engine/Content/EngineMaterials/Widget3DPassThrough.uasset" 347
"../../../Engine/Content/EngineMaterials/Widget3DPassThrough_Masked.uasset" 348
"../../../Engine/Content/EngineMaterials/Widget3DPassThrough_Opaque.uasset" 349
"../../../Engine/Content/EngineMaterials/Widget3DPassThrough_Masked_OneSided.uasset" 350
"../../../Engine/Content/EngineMaterials/Widget3DPassThrough_Opaque_OneSided.uasset" 351
"../../../Engine/Content/EngineMaterials/Widget3DPassThrough_Translucent.uasset" 352
"../../../Engine/Content/EngineMaterials/Widget3DPassThrough_Translucent_OneSided.uasset" 353
"../../../Engine/Content/EngineMeshes/Cylinder.uasset" 354
"../../../Engine/Content/EngineMeshes/Sphere.uasset" 355
"../../../Engine/Content/EngineResources/Black.uasset" 356
"../../../Engine/Content/EngineResources/DefaultTextureCube.uasset" 357
"../../../Engine/Content/EngineResources/DefaultVolumeTexture2D.uasset" 358
"../../../Engine/Content/EngineResources/DefaultVolumeTexture.uasset" 359
"../../../Engine/Content/EngineResources/GradientTexture0.uasset" 360
"../../../Engine/Content/EngineSounds/Master.uasset" 361
"../../../Engine/Content/Functions/Engine_MaterialFunctions01/Shading/ConvertFromDiffSpec.uasset" 362
"../../../Engine/Content/Functions/Engine_MaterialFunctions01/Shading/PowerToRoughness.uasset" 363
"../../../Engine/Content/Maps/Templates/Thumbnails/Default.uasset" 364
"../../../Engine/Content/Maps/Templates/Thumbnails/TimeOfDay.uasset" 365
"../../../Engine/Content/Maps/Templates/Thumbnails/VR-Basic.uasset" 366
"../../../Engine/Content/MobileResources/T_MobileControls_texture.uasset" 367
"../../../Engine/Content/MobileResources/T_MobileMenu2.uasset" 368
"../../../Engine/Content/MobileResources/HUD/AnalogHat.uasset" 369
"../../../Engine/Content/MobileResources/HUD/VirtualJoystick_Background.uasset" 370
"../../../Engine/Content/MobileResources/HUD/VirtualJoystick_Thumb.uasset" 371
"../../../Engine/Content/MobileResources/HUD/DefaultVirtualJoysticks.uasset" 372
"../../../Engine/Content/MobileResources/HUD/LeftVirtualJoystickOnly.uasset" 373
"../../../Engine/Content/MobileResources/HUD/MobileHUDButton1_off.uasset" 374
"../../../Engine/Content/MobileResources/HUD/MobileHUDButton1_on.uasset" 375
"../../../Engine/Content/MobileResources/HUD/MobileHUDButton2_off.uasset" 376
"../../../Engine/Content/MobileResources/HUD/MobileHUDButton2_on.uasset" 377
"../../../Engine/Content/MobileResources/HUD/MobileHUDButton3.uasset" 378
"../../../Engine/Content/MobileResources/HUD/MobileHUDButtonFire.uasset" 379
"../../../Engine/Content/MobileResources/HUD/MobileHUDDirectionPad.uasset" 380
"../../../Engine/Content/MobileResources/HUD/MobileHUDDirectionPad2.uasset" 381
"../../../Engine/Content/MobileResources/HUD/MobileHUDDirectionPad3.uasset" 382
"../../../Engine/Content/MobileResources/HUD/MobileHUDDirectionStick.uasset" 383
"../../../Engine/Content/MobileResources/HUD/T_Castle_ThumbstickInner.uasset" 384
"../../../Engine/Content/MobileResources/HUD/T_Castle_ThumbstickOutter.uasset" 385
"../../../Engine/Content/Tutorial/ContentIntroCurve.uasset" 386
"../../../Engine/Content/Tutorial/Basics/LevelEditorAttract.uasset" 387
"../../../Engine/Content/Tutorial/Basics/TutorialAssets/icon_tab_Levels_40x.uasset" 388
"../../../Engine/Content/Tutorial/Basics/LevelEditorOverview.uasset" 389
"../../../Engine/Content/Tutorial/BlueprintTutorials/TutorialAssets/Blueprint_64x.uasset" 390
"../../../Engine/Content/Tutorial/BlueprintTutorials/BlueprintEditorTutorial.uasset" 391
"../../../Engine/Content/Tutorial/Installation/InstallingVisualStudioTutorial.uasset" 392
"../../../Engine/Content/Tutorial/SubEditors/MaterialEditorTutorial.uasset" 393
"../../../Engine/Content/Tutorial/SubEditors/TutorialAssets/TutorialMaterial.uasset" 394
"../../../Engine/Content/VREditor/LaserPointer/VR_LaserPower_01.uasset" 395
"../../../Engine/Content/VREditor/TransformGizmo/TransformGizmoMaterial.uasset" 396
"../../../Engine/Content/VREditor/TransformGizmo/TranslucentTransformGizmoMaterial.uasset" 397
"../../../Engine/Content/VREditor/TransformGizmo/BoundingBoxCorner.uasset" 398
"../../../Engine/Content/VREditor/TransformGizmo/BoundingBoxEdge.uasset" 399
"../../../Engine/Content/VREditor/TransformGizmo/PlaneTranslationHandle.uasset" 400
"../../../Engine/Content/VREditor/TransformGizmo/Main.uasset" 401
"../../../Engine/Content/VREditor/TransformGizmo/Xray.uasset" 402
"../../../Engine/Content/VREditor/TransformGizmo/SM_Sequencer_Key.uasset" 403
"../../../Engine/Content/VREditor/TransformGizmo/SM_Sequencer_Node.uasset" 404
"../../Plugins/2D/Paper2D/Content/PlaceholderTextures/DummySpriteTexture.uasset" 405
"../../Plugins/2D/Paper2D/Content/DummySprite.uasset" 406
"../../Plugins/2D/Paper2D/Content/DefaultPaperTerrainMaterial.uasset" 407
"../../Plugins/2D/Paper2D/Content/DefaultSpriteMaterial.uasset" 408
"../../Plugins/2D/Paper2D/Content/MaskedUnlitSpriteMaterial.uasset" 409
"../../Plugins/2D/Paper2D/Content/OpaqueUnlitSpriteMaterial.uasset" 410
"../../Plugins/FX/Niagara/Content/Enums/ENiagaraBooleanLogicOps.uasset" 411
"../../Plugins/FX/Niagara/Content/Enums/ENiagaraCoordinateSpace.uasset" 412
"../../Plugins/FX/Niagara/Content/Enums/ENiagaraExpansionMode.uasset" 413
"../../Plugins/FX/Niagara/Content/Enums/ENiagaraOrientationAxis.uasset" 414
"../../Plugins/FX/Niagara/Content/Enums/ENiagaraRandomnessMode.uasset" 415
"../../../Engine/Content/Functions/Engine_MaterialFunctions02/Utility/BreakOutFloat4Components.uasset" 416
"../../Plugins/Runtime/Oculus/OculusVR/Content/Materials/OculusMR_ChromaKey.uasset" 417
"../../Plugins/Runtime/Oculus/OculusVR/Content/Materials/OculusMR_ChromaKey_Lit.uasset" 418
"../../Plugins/Runtime/Oculus/OculusVR/Content/Materials/OculusMR_OpaqueColoredMaterial.uasset" 419
"../../Plugins/Runtime/Oculus/OculusVR/Content/Materials/OculusMR_WhiteMaterial.uasset" 420
"../../../../../Unreal Project 4/OverandOver/Content/Horror/Blueprints/Menu/H_Empty_controller.uasset" 421
"../../../../../Unreal Project 4/OverandOver/Content/Horror/Blueprints/Menu/H_Empty_Pawn.uasset" 422
"../../../../../Unreal Project 4/OverandOver/Content/Horror/Blueprints/Menu/MainMenu_GM.uasset" 423
"../../../../../Unreal Project 4/OverandOver/Content/Horror/Widgets/Loading_w.uasset" 424
"../../../../../Unreal Project 4/OverandOver/Content/Horror/Sounds/264492__kickhat__horror-piano-note.uasset" 425
"../../../../../Unreal Project 4/OverandOver/Content/Horror/Textures/Over_and_over_logo_.uasset" 426
"../../../../../Unreal Project 4/OverandOver/Content/Horror/Widgets/Menu_w.uasset" 427
"../../../../../Unreal Project 4/OverandOver/Content/Horror/Maps/MainMenu.umap" 428
"../../../../../Unreal Project 4/OverandOver/Content/Horror/Maps/NewLevel_BuiltData.uasset" 429
"../../../../../Unreal Project 4/OverandOver/Content/Horror/Maps/NewLevel.umap" 430
"../../../Engine/Content/EngineSky/C_Sky_Cloud_Color.uasset" 431
"../../../Engine/Content/EngineSky/C_Sky_Horizon_Color.uasset" 432
"../../../Engine/Content/EngineSky/C_Sky_Zenith_Color.uasset" 433
"../../../Engine/Content/EngineSky/T_Sky_Blue.uasset" 434
"../../../Engine/Content/EngineSky/T_Sky_Clouds_M.uasset" 435
"../../../Engine/Content/EngineSky/T_Sky_Stars.uasset" 436
"../../../Engine/Content/EngineSky/M_Sky_Panning_Clouds2.uasset" 437
"../../../Engine/Content/EngineSky/SM_SkySphere.uasset" 438
"../../../Engine/Content/EngineSky/BP_Sky_Sphere.uasset" 439
"../../../../../Unreal Project 4/OverandOver/Content/Horror/Maps/Sub_levels/Light_BuiltData.uasset" 440
"../../../../../Unreal Project 4/OverandOver/Content/Horror/Maps/Sub_levels/Light.umap" 441
"../../../../../Unreal Project 4/OverandOver/Content/Horror/Meshes/MS_Door.uasset" 442
"../../../../../Unreal Project 4/OverandOver/Content/Horror/Blueprints/UsableAssets/DoorAndFunitures/Door.uasset" 443
"../../../../../Unreal Project 4/OverandOver/Content/Horror/Water/Blueprint/BP_WaterPlaneVolume.uasset" 444
"../../../../../Unreal Project 4/OverandOver/Content/Horror/RetroShaders/PostProcess/PP_CheapFog.uasset" 445
"../../../../../Unreal Project 4/OverandOver/Content/Horror/RetroShaders/PostProcess/PP_CheapFog_Inst.uasset" 446
"../../../../../Unreal Project 4/OverandOver/Content/Horror/RetroShaders/PostProcess/PP_RetroLook.uasset" 447
"../../../../../Unreal Project 4/OverandOver/Content/Horror/RetroShaders/PostProcess/PPI_RetroLook.uasset" 448
"../../../../../Unreal Project 4/OverandOver/Content/Horror/RetroShaders/T_RetroBillboard.uasset" 449
"../../../../../Unreal Project 4/OverandOver/Content/Horror/RetroShaders/BP_RetroPostProcess.uasset" 450
"../../../../../Unreal Project 4/OverandOver/Content/Horror/Blueprints/UsableAssets/Extra/OverlapTrigger.uasset" 451
"../../../../../Unreal Project 4/OverandOver/Content/Horror/Blueprints/UsableAssets/Extra/Teleport_Streaming.uasset" 452
"../../../../../Unreal Project 4/OverandOver/Content/Horror/Maps/Sub_levels/Scene1_BuiltData.uasset" 453
"../../../Engine/Content/BasicShapes/BasicShapeMaterial.uasset" 454
"../../../../../Unreal Project 4/OverandOver/Content/Horror/Materials/PSX/Glass_M.uasset" 455
"../../../../../Unreal Project 4/OverandOver/Content/Horror/Materials/PSX/Glass_M_Inst.uasset" 456
"../../../../../Unreal Project 4/OverandOver/Content/Horror/Materials/Tile.uasset" 457
"../../../../../Unreal Project 4/OverandOver/Content/Horror/Materials/PSX/MI_Black.uasset" 458
"../../../../../Unreal Project 4/OverandOver/Content/Horror/Materials/PSX/MI_Plates.uasset" 459
"../../../../../Unreal Project 4/OverandOver/Content/Horror/Materials/PSX/MI_Plates_Small.uasset" 460
"../../../../../Unreal Project 4/OverandOver/Content/Horror/Materials/PSX/MI_SolidColor.uasset" 461
"../../../../../Unreal Project 4/OverandOver/Content/Horror/Water/Material/T_Water_N_64x64.uasset" 462
"../../../../../Unreal Project 4/OverandOver/Content/Horror/Water/Material/Water_M.uasset" 463
"../../../../../Unreal Project 4/OverandOver/Content/Horror/Materials/Water.uasset" 464
"../../../../../Unreal Project 4/OverandOver/Content/Horror/Water/Material/Water_M_Inst.uasset" 465
"../../../Engine/Content/BasicShapes/Cube.uasset" 466
"../../../../../Unreal Project 4/OverandOver/Content/Horror/Meshes/New_meshes/MS_Door.uasset" 467
"../../../../../Unreal Project 4/OverandOver/Content/Horror/Meshes/New_meshes/MS_DoorFrame.uasset" 468
"../../../../../Unreal Project 4/OverandOver/Content/Horror/Meshes/New_meshes/MS_Floor.uasset" 469
"../../../../../Unreal Project 4/OverandOver/Content/Horror/Meshes/New_meshes/MS_HalfWall.uasset" 470
"../../../../../Unreal Project 4/OverandOver/Content/Horror/Meshes/New_meshes/MS_Pillar_Wall.uasset" 471
"../../../../../Unreal Project 4/OverandOver/Content/Horror/Meshes/New_meshes/MS_ShowerHead.uasset" 472
"../../../../../Unreal Project 4/OverandOver/Content/Horror/Meshes/New_meshes/MS_Wall.uasset" 473
"../../../../../Unreal Project 4/OverandOver/Content/Horror/Meshes/New_meshes/MS_WallDoor.uasset" 474
"../../../../../Unreal Project 4/OverandOver/Content/Horror/Sounds/milo__femmes-whispers.uasset" 475
"../../../../../Unreal Project 4/OverandOver/Content/Horror/Maps/Sub_levels/Scene1.umap" 476
"../../../../../Unreal Project 4/OverandOver/Content/Horror/Materials/PostProcess/Glich_Cam_PP.uasset" 477
"../../../../../Unreal Project 4/OverandOver/Content/Horror/Materials/PostProcess/Glich_Cam_PP_Inst.uasset" 478
"../../../../../Unreal Project 4/OverandOver/Content/Horror/Materials/Flesh.uasset" 479
"../../../../../Unreal Project 4/OverandOver/Content/Horror/Textures/TexturesCom_Gore_512_normal.uasset" 480
"../../../../../Unreal Project 4/OverandOver/Content/Horror/Textures/TexturesCom_Gore_albedo_64x64.uasset" 481
"../../../../../Unreal Project 4/OverandOver/Content/Horror/Materials/PSX/MI_Infection.uasset" 482
"../../../../../Unreal Project 4/OverandOver/Content/Horror/Water/Material/Water_M_Inst_Inst.uasset" 483
"../../../../../Unreal Project 4/OverandOver/Content/Horror/Textures/TexturesCom_Eyeball_64_normal.uasset" 484
"../../../../../Unreal Project 4/OverandOver/Content/Horror/Textures/TEyeball_64_albedo__1_.uasset" 485
"../../../../../Unreal Project 4/OverandOver/Content/Horror/Materials/PSX/MI_Eye.uasset" 486
"../../../../../Unreal Project 4/OverandOver/Content/Horror/Meshes/New_meshes/MS_Eye.uasset" 487
"../../../../../Unreal Project 4/OverandOver/Content/Horror/Maps/Sub_levels/Scene2.umap" 488
"../../../../../Unreal Project 4/OverandOver/Content/Horror/Materials/PostProcess/Glich_Cam_Wave_PP.uasset" 489
"../../../../../Unreal Project 4/OverandOver/Content/Horror/Materials/PostProcess/Glich_Cam_Wave_PP_Inst.uasset" 490
"../../../../../Unreal Project 4/OverandOver/Content/Horror/Maps/Sub_levels/Scene3.umap" 491
"../../../../../Unreal Project 4/OverandOver/Content/Horror/Maps/Sub_levels/Scene4.umap" 492
"../../../../../Unreal Project 4/OverandOver/Content/Horror/Meshes/New_meshes/MS_BloodCell.uasset" 493
"../../../../../Unreal Project 4/OverandOver/Content/Horror/Blueprints/UsableAssets/Extra/BP_Instancing_AsteroidSpline.uasset" 494
"../../../../../Unreal Project 4/OverandOver/Content/Horror/Textures/TexturesCom_Meat0013_1_S.uasset" 495
"../../../../../Unreal Project 4/OverandOver/Content/Horror/Materials/PSX/MI_Beef.uasset" 496
"../../../../../Unreal Project 4/OverandOver/Content/Horror/Meshes/New_meshes/Low_Poly_female_face.uasset" 497
"../../../../../Unreal Project 4/OverandOver/Content/Horror/Meshes/New_meshes/MS__Dirtfbx.uasset" 498
"../../../../../Unreal Project 4/OverandOver/Content/Horror/Maps/Sub_levels/Scene5.umap" 499
"../../../../../Unreal Project 4/OverandOver/Content/Horror/Widgets/TK_w.uasset" 500
"../../../../../Unreal Project 4/OverandOver/Content/Horror/Blueprints/UsableAssets/Extra/Exit.uasset" 501
"../../../../../Unreal Project 4/OverandOver/Content/Horror/Blueprints/UsableAssets/Extra/Teleport_Actor.uasset" 502
"../../../../../Unreal Project 4/OverandOver/Content/Horror/Meshes/New_meshes/MS_EyeCannon.uasset" 503
"../../../../../Unreal Project 4/OverandOver/Content/Horror/Maps/Sub_levels/Scene6.umap" 504
"../../../../../Unreal Project 4/OverandOver/Content/ThirdPersonBP/Maps/ThirdPersonExampleMap_BuiltData.uasset" 505
"../../../../../Unreal Project 4/OverandOver/Content/Geometry/Meshes/1M_Cube_Chamfer.uasset" 506
"../../../../../Unreal Project 4/OverandOver/Content/Geometry/Meshes/TemplateFloor.uasset" 507
"../../../../../Unreal Project 4/OverandOver/Content/ThirdPerson/Meshes/RampMaterial.uasset" 508
"../../../../../Unreal Project 4/OverandOver/Content/ThirdPerson/Meshes/Bump_StaticMesh.uasset" 509
"../../../../../Unreal Project 4/OverandOver/Content/ThirdPerson/Meshes/LeftArm_StaticMesh.uasset" 510
"../../../../../Unreal Project 4/OverandOver/Content/ThirdPerson/Meshes/Linear_Stair_StaticMesh.uasset" 511
"../../../../../Unreal Project 4/OverandOver/Content/ThirdPerson/Meshes/Ramp_StaticMesh.uasset" 512
"../../../../../Unreal Project 4/OverandOver/Content/ThirdPerson/Meshes/RightArm_StaticMesh.uasset" 513
"../../../../../Unreal Project 4/OverandOver/Content/ThirdPersonBP/Maps/ThirdPersonExampleMap.umap" 514
"../../../Engine/Content/Maps/Entry_BuiltData.uasset" 515
"../../../Engine/Content/Maps/Entry.umap" 516
